<?xml version="1.0" encoding="UTF-8"?>
<testsuite xmlns:xsi="http://www.w3.org/2001/XMLSchema-instance" xsi:noNamespaceSchemaLocation="https://maven.apache.org/surefire/maven-surefire-plugin/xsd/surefire-test-report-3.0.xsd" version="3.0" name="com.example.PrimitivePatternsTest" time="0.014" tests="6" errors="1" skipped="0" failures="0">
  <properties>
[...]
</properties>
  <testcase name="testZero" classname="com.example.PrimitivePatternsTest" time="0.003"/>
  <testcase name="testOtherTypes" classname="com.example.PrimitivePatternsTest" time="0.004">
    <error type="java.lang.NullPointerException"><![CDATA[java.lang.NullPointerException
	at java.base/java.util.Objects.requireNonNull(Objects.java:220)
	at com.example.Java25Examples.checkNumber(Java25Examples.java:37)
	at com.example.PrimitivePatternsTest.testOtherTypes(PrimitivePatternsTest.java:44)
	at java.base/java.lang.reflect.Method.invoke(Method.java:565)
	at java.base/java.util.ArrayList.forEach(ArrayList.java:1604)
	at java.base/java.util.ArrayList.forEach(ArrayList.java:1604)
]]></error>
  </testcase>
  <testcase name="testNegativeDouble" classname="com.example.PrimitivePatternsTest" time="0.001"/>
  <testcase name="testPositiveDouble" classname="com.example.PrimitivePatternsTest" time="0.0"/>
  <testcase name="testPositiveInteger" classname="com.example.PrimitivePatternsTest" time="0.0"/>
  <testcase name="testNegativeInteger" classname="com.example.PrimitivePatternsTest" time="0.001"/>
</testsuite>